<?xml version="1.0" encoding="UTF-8" standalone="no"?><testsuite errors="1" failures="0" name="Trabajo de FLUJOS" skipped="0" tests="1" time="8.56" timestamp="2026-03-10 05:49:15"><testcase name="Logout de plataforma"><error message="unexpected alert open: {Alert text : Wrong password.}&#10;  (Session info: chrome=145.0.7632.160): Wrong password.&#10;Build info: version: '4.41.0', revision: '9fc754f'&#10;System info: os.name: 'Windows 10', os.arch: 'amd64', os.version: '10.0', java.version: '21.0.4'&#10;Driver info: org.openqa.selenium.chrome.ChromeDriver&#10;Command: [6a7e37a9bce02f7987ff16268c09f618, clickElement {id=f.E13E22C160B02FF34C5AE6A35A080D8D.d.4C73F5033494CA69EE7142FCE200FC24.e.103}]&#10;Capabilities {acceptInsecureCerts: false, browserName: chrome, browserVersion: 145.0.7632.160, chrome: {chromedriverVersion: 145.0.7632.117 (de4e5d6e13b..., userDataDir: C:\Users\USUARIO\AppData\Lo...}, fedcm:accounts: true, goog:chromeOptions: {debuggerAddress: localhost:60004}, goog:processID: 11840, networkConnectionEnabled: false, pageLoadStrategy: normal, platformName: windows, proxy: Proxy(), se:cdp: ws://localhost:60004/devtoo..., se:cdpVersion: 145.0.7632.160, setWindowRect: true, strictFileInteractability: false, timeouts: {implicit: 0, pageLoad: 300000, script: 30000}, unhandledPromptBehavior: dismiss and notify, webauthn:extension:credBlob: true, webauthn:extension:largeBlob: true, webauthn:extension:minPinLength: true, webauthn:extension:prf: true, webauthn:virtualAuthenticators: true}&#10;Element: [[ChromeDriver: chrome on windows (6a7e37a9bce02f7987ff16268c09f618)] -&gt; id: logout2]&#10;Session ID: 6a7e37a9bce02f7987ff16268c09f618" type="org.openqa.selenium.UnhandledAlertException">unexpected alert open: {Alert text : Wrong password.}
  (Session info: chrome=145.0.7632.160): Wrong password.
Build info: version: '4.41.0', revision: '9fc754f'
System info: os.name: 'Windows 10', os.arch: 'amd64', os.version: '10.0', java.version: '21.0.4'
Driver info: org.openqa.selenium.chrome.ChromeDriver
Command: [6a7e37a9bce02f7987ff16268c09f618, clickElement {id=f.E13E22C160B02FF34C5AE6A35A080D8D.d.4C73F5033494CA69EE7142FCE200FC24.e.103}]
Capabilities {acceptInsecureCerts: false, browserName: chrome, browserVersion: 145.0.7632.160, chrome: {chromedriverVersion: 145.0.7632.117 (de4e5d6e13b..., userDataDir: C:\Users\USUARIO\AppData\Lo...}, fedcm:accounts: true, goog:chromeOptions: {debuggerAddress: localhost:60004}, goog:processID: 11840, networkConnectionEnabled: false, pageLoadStrategy: normal, platformName: windows, proxy: Proxy(), se:cdp: ws://localhost:60004/devtoo..., se:cdpVersion: 145.0.7632.160, setWindowRect: true, strictFileInteractability: false, timeouts: {implicit: 0, pageLoad: 300000, script: 30000}, unhandledPromptBehavior: dismiss and notify, webauthn:extension:credBlob: true, webauthn:extension:largeBlob: true, webauthn:extension:minPinLength: true, webauthn:extension:prf: true, webauthn:virtualAuthenticators: true}
Element: [[ChromeDriver: chrome on windows (6a7e37a9bce02f7987ff16268c09f618)] -&gt; id: logout2]
Session ID: 6a7e37a9bce02f7987ff16268c09f618</error><system-err>unexpected alert open: {Alert text : Wrong password.}
  (Session info: chrome=145.0.7632.160): Wrong password.
Build info: version: '4.41.0', revision: '9fc754f'
System info: os.name: 'Windows 10', os.arch: 'amd64', os.version: '10.0', java.version: '21.0.4'
Driver info: org.openqa.selenium.chrome.ChromeDriver
Command: [6a7e37a9bce02f7987ff16268c09f618, clickElement {id=f.E13E22C160B02FF34C5AE6A35A080D8D.d.4C73F5033494CA69EE7142FCE200FC24.e.103}]
Capabilities {acceptInsecureCerts: false, browserName: chrome, browserVersion: 145.0.7632.160, chrome: {chromedriverVersion: 145.0.7632.117 (de4e5d6e13b..., userDataDir: C:\Users\USUARIO\AppData\Lo...}, fedcm:accounts: true, goog:chromeOptions: {debuggerAddress: localhost:60004}, goog:processID: 11840, networkConnectionEnabled: false, pageLoadStrategy: normal, platformName: windows, proxy: Proxy(), se:cdp: ws://localhost:60004/devtoo..., se:cdpVersion: 145.0.7632.160, setWindowRect: true, strictFileInteractability: false, timeouts: {implicit: 0, pageLoad: 300000, script: 30000}, unhandledPromptBehavior: dismiss and notify, webauthn:extension:credBlob: true, webauthn:extension:largeBlob: true, webauthn:extension:minPinLength: true, webauthn:extension:prf: true, webauthn:virtualAuthenticators: true}
Element: [[ChromeDriver: chrome on windows (6a7e37a9bce02f7987ff16268c09f618)] -&gt; id: logout2]
Session ID: 6a7e37a9bce02f7987ff16268c09f618&#13;
org.example.stepdefinitions.LoginBlazeSD.elUsuarioProcedeADarLogout(LoginBlazeSD.java:65)&#13;
</system-err></testcase></testsuite>