<?xml version="1.0" encoding="UTF-8" standalone="no"?><testsuite errors="1" failures="0" name="Trabajo de FLUJOS" skipped="0" tests="1" time="1.39" timestamp="2026-03-10 04:45:57"><testcase name="Login exitoso con credenciales válidas"><error message="Cannot invoke &quot;net.serenitybdd.screenplay.Actor.attemptsTo(net.serenitybdd.screenplay.Performable[])&quot; because &quot;this.usuario&quot; is null" type="java.lang.NullPointerException">Cannot invoke "net.serenitybdd.screenplay.Actor.attemptsTo(net.serenitybdd.screenplay.Performable[])" because "this.usuario" is null</error><system-err>Cannot invoke "net.serenitybdd.screenplay.Actor.attemptsTo(net.serenitybdd.screenplay.Performable[])" because "this.usuario" is null&#13;
org.example.stepdefinitions.LoginBlazeSD.elUsuarioEstáEnLaPáginaDeInicio(LoginBlazeSD.java:32)&#13;
✽.el usuario está en la página de inicio(file:///C:/Users/USUARIO/Documents/capa/automation_web_course/automation-web/src/test/resources/features/loginTarea.feature:5)&#13;
</system-err></testcase></testsuite>