<?xml version="1.0" encoding="UTF-8" standalone="no"?><testsuite errors="1" failures="0" name="Login Scenarios for saucedemo website" skipped="0" tests="1" time="0.24" timestamp="2026-03-09 09:08:18"><testcase name="Login exitoso con usuario comun"><error message="Cannot invoke &quot;net.serenitybdd.screenplay.Actor.attemptsTo(net.serenitybdd.screenplay.Performable[])&quot; because &quot;this.usuario&quot; is null" type="java.lang.NullPointerException">Cannot invoke "net.serenitybdd.screenplay.Actor.attemptsTo(net.serenitybdd.screenplay.Performable[])" because "this.usuario" is null</error><system-err>Cannot invoke "net.serenitybdd.screenplay.Actor.attemptsTo(net.serenitybdd.screenplay.Performable[])" because "this.usuario" is null&#13;
org.example.stepdefinitions.LoginSD.openSauceDemoPage(LoginSD.java:33)&#13;
✽.el usuario se encuentra en la pagina web de saucedemo(file:///D:/Proyecto%20NTTDATA/project-auto-web-base/automation-web/src/test/resources/features/login.feature:5)&#13;
</system-err></testcase></testsuite>