<?xml version="1.0" encoding="UTF-8" standalone="no"?><testsuite errors="1" failures="0" name="Trabajo de FLUJOS" skipped="0" tests="3" time="19.14" timestamp="2026-03-10 08:06:59"><testcase name="Login exitoso"/><testcase name="Registrar de manera existosa a un usuario con credenciales validas"/><testcase name="Cierre de sesión exitoso"><error message="unexpected alert open: {Alert text : Wrong password.}&#10;  (Session info: chrome=145.0.7632.160): Wrong password.&#10;Build info: version: '4.41.0', revision: '9fc754f'&#10;System info: os.name: 'Windows 10', os.arch: 'amd64', os.version: '10.0', java.version: '21.0.4'&#10;Driver info: org.openqa.selenium.chrome.ChromeDriver&#10;Command: [bd472dd49c4b1585a11c12c209439476, clickElement {id=f.CDE3A9A0299CBCA562FDC9EE7ADADBA6.d.798BBDBA80AA158A126A46634BD3C41B.e.133}]&#10;Capabilities {acceptInsecureCerts: false, browserName: chrome, browserVersion: 145.0.7632.160, chrome: {chromedriverVersion: 145.0.7632.117 (de4e5d6e13b..., userDataDir: C:\Users\USUARIO\AppData\Lo...}, fedcm:accounts: true, goog:chromeOptions: {debuggerAddress: localhost:63549}, goog:processID: 18284, networkConnectionEnabled: false, pageLoadStrategy: normal, platformName: windows, proxy: Proxy(), se:cdp: ws://localhost:63549/devtoo..., se:cdpVersion: 145.0.7632.160, setWindowRect: true, strictFileInteractability: false, timeouts: {implicit: 0, pageLoad: 300000, script: 30000}, unhandledPromptBehavior: dismiss and notify, webauthn:extension:credBlob: true, webauthn:extension:largeBlob: true, webauthn:extension:minPinLength: true, webauthn:extension:prf: true, webauthn:virtualAuthenticators: true}&#10;Element: [[ChromeDriver: chrome on windows (bd472dd49c4b1585a11c12c209439476)] -&gt; id: logout2]&#10;Session ID: bd472dd49c4b1585a11c12c209439476" type="org.openqa.selenium.UnhandledAlertException">unexpected alert open: {Alert text : Wrong password.}
  (Session info: chrome=145.0.7632.160): Wrong password.
Build info: version: '4.41.0', revision: '9fc754f'
System info: os.name: 'Windows 10', os.arch: 'amd64', os.version: '10.0', java.version: '21.0.4'
Driver info: org.openqa.selenium.chrome.ChromeDriver
Command: [bd472dd49c4b1585a11c12c209439476, clickElement {id=f.CDE3A9A0299CBCA562FDC9EE7ADADBA6.d.798BBDBA80AA158A126A46634BD3C41B.e.133}]
Capabilities {acceptInsecureCerts: false, browserName: chrome, browserVersion: 145.0.7632.160, chrome: {chromedriverVersion: 145.0.7632.117 (de4e5d6e13b..., userDataDir: C:\Users\USUARIO\AppData\Lo...}, fedcm:accounts: true, goog:chromeOptions: {debuggerAddress: localhost:63549}, goog:processID: 18284, networkConnectionEnabled: false, pageLoadStrategy: normal, platformName: windows, proxy: Proxy(), se:cdp: ws://localhost:63549/devtoo..., se:cdpVersion: 145.0.7632.160, setWindowRect: true, strictFileInteractability: false, timeouts: {implicit: 0, pageLoad: 300000, script: 30000}, unhandledPromptBehavior: dismiss and notify, webauthn:extension:credBlob: true, webauthn:extension:largeBlob: true, webauthn:extension:minPinLength: true, webauthn:extension:prf: true, webauthn:virtualAuthenticators: true}
Element: [[ChromeDriver: chrome on windows (bd472dd49c4b1585a11c12c209439476)] -&gt; id: logout2]
Session ID: bd472dd49c4b1585a11c12c209439476</error><system-err>unexpected alert open: {Alert text : Wrong password.}
  (Session info: chrome=145.0.7632.160): Wrong password.
Build info: version: '4.41.0', revision: '9fc754f'
System info: os.name: 'Windows 10', os.arch: 'amd64', os.version: '10.0', java.version: '21.0.4'
Driver info: org.openqa.selenium.chrome.ChromeDriver
Command: [bd472dd49c4b1585a11c12c209439476, clickElement {id=f.CDE3A9A0299CBCA562FDC9EE7ADADBA6.d.798BBDBA80AA158A126A46634BD3C41B.e.133}]
Capabilities {acceptInsecureCerts: false, browserName: chrome, browserVersion: 145.0.7632.160, chrome: {chromedriverVersion: 145.0.7632.117 (de4e5d6e13b..., userDataDir: C:\Users\USUARIO\AppData\Lo...}, fedcm:accounts: true, goog:chromeOptions: {debuggerAddress: localhost:63549}, goog:processID: 18284, networkConnectionEnabled: false, pageLoadStrategy: normal, platformName: windows, proxy: Proxy(), se:cdp: ws://localhost:63549/devtoo..., se:cdpVersion: 145.0.7632.160, setWindowRect: true, strictFileInteractability: false, timeouts: {implicit: 0, pageLoad: 300000, script: 30000}, unhandledPromptBehavior: dismiss and notify, webauthn:extension:credBlob: true, webauthn:extension:largeBlob: true, webauthn:extension:minPinLength: true, webauthn:extension:prf: true, webauthn:virtualAuthenticators: true}
Element: [[ChromeDriver: chrome on windows (bd472dd49c4b1585a11c12c209439476)] -&gt; id: logout2]
Session ID: bd472dd49c4b1585a11c12c209439476&#13;
org.example.stepdefinitions.LogoutBlazeSD.seleccionaCerrarSesión(LogoutBlazeSD.java:43)&#13;
</system-err></testcase></testsuite>