<?xml version="1.0" encoding="UTF-8" standalone="no"?><testsuite errors="1" failures="0" name="Trabajo de FLUJOS" skipped="0" tests="1" time="9.6" timestamp="2026-03-10 08:14:03"><testcase name="Cierre de sesión exitoso"><error message="unexpected alert open: {Alert text : Wrong password.}&#10;  (Session info: chrome=145.0.7632.160): Wrong password.&#10;Build info: version: '4.41.0', revision: '9fc754f'&#10;System info: os.name: 'Windows 10', os.arch: 'amd64', os.version: '10.0', java.version: '21.0.4'&#10;Driver info: org.openqa.selenium.chrome.ChromeDriver&#10;Command: [7b17607ff859aade016a8bb5ede6b994, clickElement {id=f.7C4F3B5C667BFB0FD0E3D1B05C52CFCD.d.5E709AB166F96C24616FD6B050808E8F.e.105}]&#10;Capabilities {acceptInsecureCerts: false, browserName: chrome, browserVersion: 145.0.7632.160, chrome: {chromedriverVersion: 145.0.7632.117 (de4e5d6e13b..., userDataDir: C:\Users\USUARIO\AppData\Lo...}, fedcm:accounts: true, goog:chromeOptions: {debuggerAddress: localhost:63776}, goog:processID: 18080, networkConnectionEnabled: false, pageLoadStrategy: normal, platformName: windows, proxy: Proxy(), se:cdp: ws://localhost:63776/devtoo..., se:cdpVersion: 145.0.7632.160, setWindowRect: true, strictFileInteractability: false, timeouts: {implicit: 0, pageLoad: 300000, script: 30000}, unhandledPromptBehavior: dismiss and notify, webauthn:extension:credBlob: true, webauthn:extension:largeBlob: true, webauthn:extension:minPinLength: true, webauthn:extension:prf: true, webauthn:virtualAuthenticators: true}&#10;Element: [[ChromeDriver: chrome on windows (7b17607ff859aade016a8bb5ede6b994)] -&gt; id: logout2]&#10;Session ID: 7b17607ff859aade016a8bb5ede6b994" type="org.openqa.selenium.UnhandledAlertException">unexpected alert open: {Alert text : Wrong password.}
  (Session info: chrome=145.0.7632.160): Wrong password.
Build info: version: '4.41.0', revision: '9fc754f'
System info: os.name: 'Windows 10', os.arch: 'amd64', os.version: '10.0', java.version: '21.0.4'
Driver info: org.openqa.selenium.chrome.ChromeDriver
Command: [7b17607ff859aade016a8bb5ede6b994, clickElement {id=f.7C4F3B5C667BFB0FD0E3D1B05C52CFCD.d.5E709AB166F96C24616FD6B050808E8F.e.105}]
Capabilities {acceptInsecureCerts: false, browserName: chrome, browserVersion: 145.0.7632.160, chrome: {chromedriverVersion: 145.0.7632.117 (de4e5d6e13b..., userDataDir: C:\Users\USUARIO\AppData\Lo...}, fedcm:accounts: true, goog:chromeOptions: {debuggerAddress: localhost:63776}, goog:processID: 18080, networkConnectionEnabled: false, pageLoadStrategy: normal, platformName: windows, proxy: Proxy(), se:cdp: ws://localhost:63776/devtoo..., se:cdpVersion: 145.0.7632.160, setWindowRect: true, strictFileInteractability: false, timeouts: {implicit: 0, pageLoad: 300000, script: 30000}, unhandledPromptBehavior: dismiss and notify, webauthn:extension:credBlob: true, webauthn:extension:largeBlob: true, webauthn:extension:minPinLength: true, webauthn:extension:prf: true, webauthn:virtualAuthenticators: true}
Element: [[ChromeDriver: chrome on windows (7b17607ff859aade016a8bb5ede6b994)] -&gt; id: logout2]
Session ID: 7b17607ff859aade016a8bb5ede6b994</error><system-err>unexpected alert open: {Alert text : Wrong password.}
  (Session info: chrome=145.0.7632.160): Wrong password.
Build info: version: '4.41.0', revision: '9fc754f'
System info: os.name: 'Windows 10', os.arch: 'amd64', os.version: '10.0', java.version: '21.0.4'
Driver info: org.openqa.selenium.chrome.ChromeDriver
Command: [7b17607ff859aade016a8bb5ede6b994, clickElement {id=f.7C4F3B5C667BFB0FD0E3D1B05C52CFCD.d.5E709AB166F96C24616FD6B050808E8F.e.105}]
Capabilities {acceptInsecureCerts: false, browserName: chrome, browserVersion: 145.0.7632.160, chrome: {chromedriverVersion: 145.0.7632.117 (de4e5d6e13b..., userDataDir: C:\Users\USUARIO\AppData\Lo...}, fedcm:accounts: true, goog:chromeOptions: {debuggerAddress: localhost:63776}, goog:processID: 18080, networkConnectionEnabled: false, pageLoadStrategy: normal, platformName: windows, proxy: Proxy(), se:cdp: ws://localhost:63776/devtoo..., se:cdpVersion: 145.0.7632.160, setWindowRect: true, strictFileInteractability: false, timeouts: {implicit: 0, pageLoad: 300000, script: 30000}, unhandledPromptBehavior: dismiss and notify, webauthn:extension:credBlob: true, webauthn:extension:largeBlob: true, webauthn:extension:minPinLength: true, webauthn:extension:prf: true, webauthn:virtualAuthenticators: true}
Element: [[ChromeDriver: chrome on windows (7b17607ff859aade016a8bb5ede6b994)] -&gt; id: logout2]
Session ID: 7b17607ff859aade016a8bb5ede6b994&#13;
org.example.tasks.LogoutTaskBlaze.performAs(LogoutTaskBlaze.java:27)&#13;
org.example.stepdefinitions.LogoutBlazeSD.elUsuarioEstáAutenticado(LogoutBlazeSD.java:38)&#13;
</system-err></testcase></testsuite>